Using pre-set license
Built from '2020.3/staging' branch; Version is '2020.3.25f1 (9b9180224418) revision 10195328'; Using compiler version '192528614'; Build Type 'Release'
OS: 'Windows 11  (10.0.22000) 64bit CoreSingleLanguage' Language: 'en' Physical Memory: 16221 MB
BatchMode: 1, IsHumanControllingUs: 0, StartBugReporterOnCrash: 0, Is64bit: 1, IsPro: 0

COMMAND LINE ARGUMENTS:
C:\Program Files\Unity\Hub\Editor\2020.3.25f1\Editor\Unity.exe
-adb2
-batchMode
-noUpm
-name
AssetImportWorker0
-projectPath
C:/work/unity game/myst house
-logFile
Logs/AssetImportWorker0.log
-srvPort
63770
Successfully changed project path to: C:/work/unity game/myst house
C:/work/unity game/myst house
Using Asset Import Pipeline V2.
Refreshing native plugins compatible for Editor in 42.54 ms, found 3 plugins.
Preloading 0 native plugins for Editor in 0.00 ms.
Initialize engine version: 2020.3.25f1 (9b9180224418)
[Subsystems] Discovering subsystems at path C:/Program Files/Unity/Hub/Editor/2020.3.25f1/Editor/Data/Resources/UnitySubsystems
[Subsystems] Discovering subsystems at path C:/work/unity game/myst house/Assets
GfxDevice: creating device client; threaded=0
Direct3D:
    Version:  Direct3D 11.0 [level 11.1]
    Renderer: NVIDIA GeForce GTX 1650 (ID=0x1f91)
    Vendor:   
    VRAM:     3962 MB
    Driver:   27.21.14.5167
Initialize mono
Mono path[0] = 'C:/Program Files/Unity/Hub/Editor/2020.3.25f1/Editor/Data/Managed'
Mono path[1] = 'C:/Program Files/Unity/Hub/Editor/2020.3.25f1/Editor/Data/MonoBleedingEdge/lib/mono/unityjit'
Mono config path = 'C:/Program Files/Unity/Hub/Editor/2020.3.25f1/Editor/Data/MonoBleedingEdge/etc'
Using monoOptions --debugger-agent=transport=dt_socket,embedding=1,server=y,suspend=n,address=127.0.0.1:56768
Begin MonoManager ReloadAssembly
Registering precompiled unity dll's ...
Register platform support module: C:/Program Files/Unity/Hub/Editor/2020.3.25f1/Editor/Data/PlaybackEngines/WebGLSupport/UnityEditor.WebGL.Extensions.dll
Register platform support module: C:/Program Files/Unity/Hub/Editor/2020.3.25f1/Editor/Data/PlaybackEngines/WindowsStandaloneSupport/UnityEditor.WindowsStandalone.Extensions.dll
Registered in 0.001742 seconds.
Native extension for WindowsStandalone target not found
Native extension for WebGL target not found
Refreshing native plugins compatible for Editor in 47.30 ms, found 3 plugins.
Preloading 0 native plugins for Editor in 0.00 ms.
Mono: successfully reloaded assembly
- Completed reload, in  0.598 seconds
Domain Reload Profiling:
	ReloadAssembly (598ms)
		BeginReloadAssembly (51ms)
			ExecutionOrderSort (0ms)
			DisableScriptedObjects (0ms)
			BackupInstance (0ms)
			ReleaseScriptingObjects (0ms)
			CreateAndSetChildDomain (1ms)
		EndReloadAssembly (471ms)
			LoadAssemblies (50ms)
			RebuildTransferFunctionScriptingTraits (0ms)
			SetupTypeCache (158ms)
			ReleaseScriptCaches (0ms)
			RebuildScriptCaches (32ms)
			SetupLoadedEditorAssemblies (185ms)
				LogAssemblyErrors (0ms)
				InitializePlatformSupportModulesInManaged (6ms)
				SetLoadedEditorAssemblies (0ms)
				RefreshPlugins (47ms)
				BeforeProcessingInitializeOnLoad (17ms)
				ProcessInitializeOnLoadAttributes (86ms)
				ProcessInitializeOnLoadMethodAttributes (28ms)
				AfterProcessingInitializeOnLoad (0ms)
				EditorAssembliesLoaded (0ms)
			ExecutionOrderSort2 (0ms)
			AwakeInstancesAfterBackupRestoration (0ms)
Platform modules already initialized, skipping
Registering precompiled user dll's ...
Registered in 0.004093 seconds.
Begin MonoManager ReloadAssembly
Native extension for WindowsStandalone target not found
Native extension for WebGL target not found
Refreshing native plugins compatible for Editor in 50.82 ms, found 3 plugins.
Preloading 0 native plugins for Editor in 0.00 ms.
Mono: successfully reloaded assembly
- Completed reload, in  1.097 seconds
Domain Reload Profiling:
	ReloadAssembly (1098ms)
		BeginReloadAssembly (147ms)
			ExecutionOrderSort (0ms)
			DisableScriptedObjects (4ms)
			BackupInstance (0ms)
			ReleaseScriptingObjects (0ms)
			CreateAndSetChildDomain (18ms)
		EndReloadAssembly (884ms)
			LoadAssemblies (93ms)
			RebuildTransferFunctionScriptingTraits (0ms)
			SetupTypeCache (280ms)
			ReleaseScriptCaches (0ms)
			RebuildScriptCaches (51ms)
			SetupLoadedEditorAssemblies (343ms)
				LogAssemblyErrors (0ms)
				InitializePlatformSupportModulesInManaged (5ms)
				SetLoadedEditorAssemblies (0ms)
				RefreshPlugins (51ms)
				BeforeProcessingInitializeOnLoad (78ms)
				ProcessInitializeOnLoadAttributes (189ms)
				ProcessInitializeOnLoadMethodAttributes (16ms)
				AfterProcessingInitializeOnLoad (5ms)
				EditorAssembliesLoaded (0ms)
			ExecutionOrderSort2 (0ms)
			AwakeInstancesAfterBackupRestoration (7ms)
Platform modules already initialized, skipping
========================================================================
Worker process is ready to serve import requests
Launched and connected shader compiler UnityShaderCompiler.exe after 0.06 seconds
Refreshing native plugins compatible for Editor in 0.45 ms, found 3 plugins.
Preloading 0 native plugins for Editor in 0.00 ms.
Unloading 2215 Unused Serialized files (Serialized files now loaded: 0)
System memory in use before: 96.6 MB.
System memory in use after: 96.7 MB.

Unloading 28 unused Assets to reduce memory usage. Loaded Objects now: 2652.
Total: 2.674300 ms (FindLiveObjects: 0.149200 ms CreateObjectMapping: 0.127200 ms MarkObjects: 2.348200 ms  DeleteObjects: 0.049000 ms)

AssetImportParameters requested are different than current active one (requested -> active):
  custom:framework-win-MediaFoundation: 216162199b28c13a410421893ffa2e32 -> 
  custom:video-decoder-ogg-theora: a1e56fd34408186e4bbccfd4996cb3dc -> 
  custom:container-muxer-webm: aa71ff27fc2769a1b78a27578f13a17b -> 
  custom:container-demuxer-webm: 4f35f7cbe854078d1ac9338744f61a02 -> 
  custom:container-demuxer-ogg: 62fdf1f143b41e24485cea50d1cbac27 -> 
  custom:video-encoder-webm-vp8: eb34c28f22e8b96e1ab97ce403110664 -> 
  custom:video-decoder-webm-vp8: 9c59270c3fd7afecdb556c50c9e8de78 -> 
  custom:audio-decoder-ogg-vorbis: bf7c407c2cedff20999df2af8eb42d56 -> 
  custom:audio-encoder-webm-vorbis: bf7c407c2cedff20999df2af8eb42d56 -> 
========================================================================
Received Import Request.
  path: Assets/Script/Door.cs
  artifactKey: Guid(4d4248acb6bd59e43a6469b04b58d17b) Importer(815301076,1909f56bfc062723c751e8b465ee728b)
Start importing Assets/Script/Door.cs using Guid(4d4248acb6bd59e43a6469b04b58d17b) Importer(815301076,1909f56bfc062723c751e8b465ee728b)  -> (artifact id: '8bf346412e5a10cd3dcc91b034a4e601') in 0.032304 seconds 
  Import took 0.035676 seconds .

========================================================================
Received Import Request.
  Time since last request: 0.011518 seconds.
  path: Assets/Scenes/Kitchen.unity
  artifactKey: Guid(08399db29997dc7409ff4e9030e72c04) Importer(815301076,1909f56bfc062723c751e8b465ee728b)
Start importing Assets/Scenes/Kitchen.unity using Guid(08399db29997dc7409ff4e9030e72c04) Importer(815301076,1909f56bfc062723c751e8b465ee728b)  -> (artifact id: '193ce05bdb5f0c7ba7623d28aa25f068') in 0.014124 seconds 
  Import took 0.017270 seconds .

========================================================================
Received Import Request.
  Time since last request: 0.082630 seconds.
  path: Assets/Scenes/Bathroom.unity
  artifactKey: Guid(dafcc37307faca046a38182839e8e6b4) Importer(815301076,1909f56bfc062723c751e8b465ee728b)
Start importing Assets/Scenes/Bathroom.unity using Guid(dafcc37307faca046a38182839e8e6b4) Importer(815301076,1909f56bfc062723c751e8b465ee728b)  -> (artifact id: '933540d8380d55067a09ea06b13aed96') in 0.005856 seconds 
  Import took 0.008670 seconds .

========================================================================
Received Import Request.
  Time since last request: 0.014308 seconds.
  path: Assets/Script/GamePlay.cs
  artifactKey: Guid(57773836328753a4fb2104fc91d5a28b) Importer(815301076,1909f56bfc062723c751e8b465ee728b)
Start importing Assets/Script/GamePlay.cs using Guid(57773836328753a4fb2104fc91d5a28b) Importer(815301076,1909f56bfc062723c751e8b465ee728b)  -> (artifact id: '918cf371757c450da702f1561ad8ed75') in 0.004143 seconds 
  Import took 0.006914 seconds .

========================================================================
Received Import Request.
  Time since last request: 0.020972 seconds.
  path: Assets/Script/ButtonMenu.cs
  artifactKey: Guid(59da941b89347904c89ef1d1625d9dfb) Importer(815301076,1909f56bfc062723c751e8b465ee728b)
Start importing Assets/Script/ButtonMenu.cs using Guid(59da941b89347904c89ef1d1625d9dfb) Importer(815301076,1909f56bfc062723c751e8b465ee728b)  -> (artifact id: '459d9ee2ed77d1f56fece82ee9440f72') in 0.004433 seconds 
  Import took 0.007250 seconds .

========================================================================
Received Import Request.
  Time since last request: 0.004598 seconds.
  path: Assets/Scenes/Storeroom.unity
  artifactKey: Guid(c6f4d14777900344ba3b77044e0902b4) Importer(815301076,1909f56bfc062723c751e8b465ee728b)
Start importing Assets/Scenes/Storeroom.unity using Guid(c6f4d14777900344ba3b77044e0902b4) Importer(815301076,1909f56bfc062723c751e8b465ee728b)  -> (artifact id: 'bbf26fb494a156cbaedb3f4e017d7039') in 0.004334 seconds 
  Import took 0.007019 seconds .

========================================================================
Received Import Request.
  Time since last request: 0.130889 seconds.
  path: Assets/Script/Item.cs
  artifactKey: Guid(c2d2cc0fbf6414541980cefe36efe5ca) Importer(815301076,1909f56bfc062723c751e8b465ee728b)
Start importing Assets/Script/Item.cs using Guid(c2d2cc0fbf6414541980cefe36efe5ca) Importer(815301076,1909f56bfc062723c751e8b465ee728b)  -> (artifact id: 'bec43249020c7089e4980dd721c3abdf') in 0.003823 seconds 
  Import took 0.006574 seconds .

========================================================================
Received Import Request.
  Time since last request: 0.166326 seconds.
  path: Assets/Scenes/Final.unity
  artifactKey: Guid(01ea7be081a8012408b2aa3e6cf938af) Importer(815301076,1909f56bfc062723c751e8b465ee728b)
Start importing Assets/Scenes/Final.unity using Guid(01ea7be081a8012408b2aa3e6cf938af) Importer(815301076,1909f56bfc062723c751e8b465ee728b)  -> (artifact id: '1c7e347dbf063864c70b71edce274f46') in 0.004652 seconds 
  Import took 0.007526 seconds .

========================================================================
Received Import Request.
  Time since last request: 0.193674 seconds.
  path: Assets/Script/DialogueManager.cs
  artifactKey: Guid(778dfc62964e13d43a19b35a3061e2f1) Importer(815301076,1909f56bfc062723c751e8b465ee728b)
Start importing Assets/Script/DialogueManager.cs using Guid(778dfc62964e13d43a19b35a3061e2f1) Importer(815301076,1909f56bfc062723c751e8b465ee728b)  -> (artifact id: '411b2e0215916264167283b77e6f7cd7') in 0.004248 seconds 
  Import took 0.007140 seconds .

========================================================================
Received Import Request.
  Time since last request: 0.098887 seconds.
  path: Assets/Scenes/Bedroom.unity
  artifactKey: Guid(a5c956cc2a243f5408c30c9cd860eed9) Importer(815301076,1909f56bfc062723c751e8b465ee728b)
Start importing Assets/Scenes/Bedroom.unity using Guid(a5c956cc2a243f5408c30c9cd860eed9) Importer(815301076,1909f56bfc062723c751e8b465ee728b)  -> (artifact id: '663124fd9adf346d9b677788eac94932') in 0.002109 seconds 
  Import took 0.005021 seconds .

AssetImportWorkerClient::OnTransportError - code=2 error=End of file
